<?xml version="1.0" encoding="UTF-8"?>
<testng-results skipped="0" failed="0" ignored="0" total="1" passed="1">
  <reporter-output>
  </reporter-output>
  <suite name="Default suite" duration-ms="12103" started-at="2021-01-19T06:47:56Z" finished-at="2021-01-19T06:48:08Z">
    <groups>
    </groups>
    <test name="Default test" duration-ms="12103" started-at="2021-01-19T06:47:56Z" finished-at="2021-01-19T06:48:08Z">
      <class name="org.executable.Question4">
        <test-method status="PASS" signature="launchBrowser()[pri:0, instance:org.executable.Question4@1e88b3c]" name="launchBrowser" is-config="true" duration-ms="4052" started-at="2021-01-19T06:47:56Z" finished-at="2021-01-19T06:48:00Z">
          <reporter-output>
          </reporter-output>
        </test-method> <!-- launchBrowser -->
        <test-method status="PASS" signature="tc1()[pri:0, instance:org.executable.Question4@1e88b3c]" name="tc1" duration-ms="8034" started-at="2021-01-19T06:48:00Z" finished-at="2021-01-19T06:48:08Z">
          <reporter-output>
          </reporter-output>
        </test-method> <!-- tc1 -->
      </class> <!-- org.executable.Question4 -->
    </test> <!-- Default test -->
  </suite> <!-- Default suite -->
</testng-results>
